mode: set
go-sentinel/sentinel.go:20.13,22.16 2 1
go-sentinel/sentinel.go:25.2,25.26 1 1
go-sentinel/sentinel.go:22.16,23.13 1 0
go-sentinel/sentinel.go:68.51,70.16 2 0
go-sentinel/sentinel.go:73.2,74.12 2 0
go-sentinel/sentinel.go:70.16,72.3 1 0
go-sentinel/sentinel.go:77.61,79.16 2 0
go-sentinel/sentinel.go:82.2,82.37 1 0
go-sentinel/sentinel.go:79.16,81.3 1 0
go-sentinel/sentinel.go:85.56,89.16 4 1
go-sentinel/sentinel.go:93.2,95.16 3 1
go-sentinel/sentinel.go:98.2,98.21 1 1
go-sentinel/sentinel.go:101.2,107.8 1 1
go-sentinel/sentinel.go:89.16,92.3 2 0
go-sentinel/sentinel.go:95.16,97.3 1 0
go-sentinel/sentinel.go:98.21,100.3 1 1
go-sentinel/sentinel.go:110.34,111.30 1 1
go-sentinel/sentinel.go:114.2,118.16 5 1
go-sentinel/sentinel.go:123.2,123.16 1 1
go-sentinel/sentinel.go:128.2,129.16 2 1
go-sentinel/sentinel.go:132.2,150.16 6 1
go-sentinel/sentinel.go:153.2,153.18 1 1
go-sentinel/sentinel.go:157.2,159.12 3 1
go-sentinel/sentinel.go:111.30,113.3 1 0
go-sentinel/sentinel.go:118.16,120.3 1 0
go-sentinel/sentinel.go:123.16,125.3 1 0
go-sentinel/sentinel.go:129.16,131.3 1 0
go-sentinel/sentinel.go:150.16,152.3 1 0
go-sentinel/sentinel.go:153.18,155.3 1 0
go-sentinel/sentinel.go:162.31,164.2 1 1
go-sentinel/sentinel.go:182.61,183.24 1 0
go-sentinel/sentinel.go:184.2,184.12 1 0
go-sentinel/slave.go:5.36,9.2 3 0
go-sentinel/slave.go:11.41,15.2 3 0
go-sentinel/slave.go:17.56,19.21 2 0
go-sentinel/slave.go:19.21,20.10 1 0
go-sentinel/slave.go:21.23,23.18 2 0
go-sentinel/slave.go:28.4,29.18 2 0
go-sentinel/slave.go:34.4,34.20 1 0
go-sentinel/slave.go:39.30,40.33 1 0
go-sentinel/slave.go:23.18,26.13 2 0
go-sentinel/slave.go:29.18,31.13 2 0
go-sentinel/slave.go:34.20,35.26 1 0
go-sentinel/slave.go:45.52,49.21 4 0
go-sentinel/slave.go:49.21,52.17 3 0
go-sentinel/slave.go:52.17,54.4 1 0
go-sentinel/toy.go:22.36,28.35 6 1
go-sentinel/toy.go:33.2,33.21 1 1
go-sentinel/toy.go:28.35,32.3 1 0
go-sentinel/toy.go:55.29,59.2 3 1
go-sentinel/toy.go:61.37,65.2 3 1
go-sentinel/toy.go:73.28,79.2 1 1
go-sentinel/toy.go:80.36,83.2 2 0
go-sentinel/toy.go:85.37,88.2 2 1
go-sentinel/toy.go:90.49,96.2 1 1
go-sentinel/toy.go:98.45,100.2 1 1
go-sentinel/toy.go:102.35,106.2 3 0
go-sentinel/toy.go:109.41,113.2 3 1
go-sentinel/toy.go:115.45,116.45 1 1
go-sentinel/toy.go:119.2,119.20 1 1
go-sentinel/toy.go:116.45,118.3 1 1
go-sentinel/toy.go:128.58,130.42 2 1
go-sentinel/toy.go:136.2,137.12 2 1
go-sentinel/toy.go:130.42,131.31 1 1
go-sentinel/toy.go:134.3,134.21 1 1
go-sentinel/toy.go:131.31,132.12 1 1
go-sentinel/toy.go:140.50,143.2 2 1
go-sentinel/toy.go:145.38,151.2 5 0
go-sentinel/toy.go:153.53,163.2 5 1
go-sentinel/info.go:13.85,17.16 4 0
go-sentinel/info.go:20.2,20.31 1 0
go-sentinel/info.go:23.2,26.9 4 0
go-sentinel/info.go:31.2,34.9 3 0
go-sentinel/info.go:40.2,45.15 4 0
go-sentinel/info.go:106.2,107.37 2 0
go-sentinel/info.go:111.2,111.19 1 0
go-sentinel/info.go:17.16,19.3 1 0
go-sentinel/info.go:20.31,22.3 1 0
go-sentinel/info.go:26.9,30.3 3 0
go-sentinel/info.go:34.9,37.3 2 0
go-sentinel/info.go:45.15,46.21 1 0
go-sentinel/info.go:49.3,50.41 2 0
go-sentinel/info.go:62.3,62.71 1 0
go-sentinel/info.go:67.3,67.53 1 0
go-sentinel/info.go:71.3,71.53 1 0
go-sentinel/info.go:76.3,76.60 1 0
go-sentinel/info.go:88.3,88.56 1 0
go-sentinel/info.go:96.3,96.59 1 0
go-sentinel/info.go:46.21,47.24 1 0
go-sentinel/info.go:50.41,51.25 1 0
go-sentinel/info.go:59.4,59.12 1 0
go-sentinel/info.go:51.25,53.5 1 0
go-sentinel/info.go:53.10,54.61 1 0
go-sentinel/info.go:54.61,57.6 1 0
go-sentinel/info.go:62.71,65.12 1 0
go-sentinel/info.go:67.53,69.12 2 0
go-sentinel/info.go:71.53,73.12 2 0
go-sentinel/info.go:76.60,77.21 1 0
go-sentinel/info.go:86.4,86.12 1 0
go-sentinel/info.go:78.14,79.29 1 0
go-sentinel/info.go:80.16,81.30 1 0
go-sentinel/info.go:82.12,84.13 1 0
go-sentinel/info.go:88.56,90.18 2 0
go-sentinel/info.go:93.4,94.12 2 0
go-sentinel/info.go:90.18,91.13 1 0
go-sentinel/info.go:96.59,98.18 2 0
go-sentinel/info.go:101.4,102.12 2 0
go-sentinel/info.go:98.18,99.13 1 0
go-sentinel/info.go:107.38,110.3 0 0
go-sentinel/info.go:118.85,122.16 4 1
go-sentinel/info.go:125.2,125.32 1 1
go-sentinel/info.go:128.2,131.9 4 1
go-sentinel/info.go:136.2,139.28 4 1
go-sentinel/info.go:142.2,144.15 2 1
go-sentinel/info.go:210.2,210.36 1 1
go-sentinel/info.go:217.2,217.33 1 1
go-sentinel/info.go:222.2,222.19 1 1
go-sentinel/info.go:122.16,124.3 1 0
go-sentinel/info.go:125.32,127.3 1 0
go-sentinel/info.go:131.9,135.3 3 0
go-sentinel/info.go:139.28,141.3 1 0
go-sentinel/info.go:144.15,145.21 1 1
go-sentinel/info.go:148.3,149.41 2 1
go-sentinel/info.go:161.3,161.39 1 0
go-sentinel/info.go:145.21,146.24 1 0
go-sentinel/info.go:149.41,150.25 1 1
go-sentinel/info.go:158.4,158.12 1 1
go-sentinel/info.go:150.25,152.5 1 1
go-sentinel/info.go:152.10,153.61 1 0
go-sentinel/info.go:153.61,156.6 1 0
go-sentinel/info.go:161.39,163.23 2 0
go-sentinel/info.go:206.4,206.12 1 0
go-sentinel/info.go:163.23,165.19 2 0
go-sentinel/info.go:169.5,169.28 1 0
go-sentinel/info.go:173.5,174.26 2 0
go-sentinel/info.go:178.5,182.15 4 0
go-sentinel/info.go:165.19,167.14 2 0
go-sentinel/info.go:169.28,171.14 2 0
go-sentinel/info.go:174.26,176.14 2 0
go-sentinel/info.go:182.15,190.20 3 0
go-sentinel/info.go:194.6,194.45 1 0
go-sentinel/info.go:190.20,192.15 2 0
go-sentinel/info.go:196.11,201.6 4 0
go-sentinel/info.go:210.36,211.12 1 0
go-sentinel/info.go:211.12,215.4 2 0
go-sentinel/info.go:217.33,221.3 2 0
go-sentinel/info.go:231.82,233.12 2 1
go-sentinel/info.go:240.2,242.39 2 1
go-sentinel/info.go:246.2,246.18 1 1
go-sentinel/info.go:254.2,254.8 1 1
go-sentinel/info.go:233.12,234.21 1 0
go-sentinel/info.go:238.3,238.16 1 0
go-sentinel/info.go:234.21,237.4 2 0
go-sentinel/info.go:242.39,245.3 2 0
go-sentinel/info.go:247.16,248.28 1 1
go-sentinel/info.go:249.15,250.27 1 0
go-sentinel/info.go:251.10,252.49 1 0
go-sentinel/master.go:12.40,17.2 3 1
go-sentinel/master.go:19.57,22.18 3 1
go-sentinel/master.go:22.18,25.17 3 1
go-sentinel/master.go:25.17,26.67 1 1
go-sentinel/master.go:39.4,39.12 1 1
go-sentinel/master.go:26.67,28.38 1 1
go-sentinel/master.go:28.38,33.13 5 1
go-sentinel/master.go:34.42,34.42 0 1
go-sentinel/master.go:35.14,35.14 0 0
go-sentinel/master.go:40.9,45.67 5 1
go-sentinel/master.go:45.67,54.5 3 0
go-sentinel/master.go:60.49,64.2 3 1
go-sentinel/master.go:66.59,70.2 3 1
go-sentinel/master.go:71.43,75.2 3 0
go-sentinel/master.go:77.57,81.2 3 1
go-sentinel/master.go:84.76,85.18 1 1
go-sentinel/master.go:85.18,98.17 10 1
go-sentinel/master.go:98.17,100.4 1 0
go-sentinel/master.go:104.54,108.18 3 1
go-sentinel/master.go:108.18,110.17 2 1
go-sentinel/master.go:115.3,116.22 2 1
go-sentinel/master.go:120.3,123.10 4 1
go-sentinel/master.go:140.3,140.16 1 1
go-sentinel/master.go:110.17,112.12 2 0
go-sentinel/master.go:116.22,118.12 2 0
go-sentinel/master.go:123.10,125.18 2 1
go-sentinel/master.go:130.4,138.73 3 1
go-sentinel/master.go:125.18,128.13 3 0
go-sentinel/master.go:145.53,149.18 4 1
go-sentinel/master.go:149.18,150.23 1 1
go-sentinel/master.go:151.22,152.11 1 1
go-sentinel/master.go:178.28,180.8 1 1
go-sentinel/master.go:196.27,214.8 13 1
go-sentinel/master.go:153.26,154.11 1 0
go-sentinel/master.go:155.28,157.22 1 1
go-sentinel/master.go:159.24,161.19 2 0
go-sentinel/master.go:165.5,166.19 2 0
go-sentinel/master.go:171.5,171.21 1 0
go-sentinel/master.go:161.19,163.14 1 0
go-sentinel/master.go:166.19,168.14 2 0
go-sentinel/master.go:171.21,172.27 1 0
go-sentinel/master.go:180.8,181.25 1 1
go-sentinel/master.go:194.5,194.32 1 1
go-sentinel/master.go:182.30,186.44 3 1
go-sentinel/master.go:189.29,190.61 1 0
go-sentinel/master.go:191.24,192.21 1 0
go-sentinel/master.go:186.44,187.22 1 1
go-sentinel/master.go:214.8,215.33 1 1
go-sentinel/master.go:216.37,220.19 3 1
go-sentinel/master.go:232.6,234.19 3 0
go-sentinel/master.go:236.30,236.30 0 0
go-sentinel/master.go:238.31,238.31 0 0
go-sentinel/master.go:240.30,240.30 0 0
go-sentinel/master.go:220.19,223.71 2 1
go-sentinel/master.go:223.71,228.25 5 0
go-sentinel/master.go:248.63,252.34 4 1
go-sentinel/master.go:259.2,262.35 4 1
go-sentinel/master.go:268.2,271.18 4 1
go-sentinel/master.go:277.2,277.45 1 1
go-sentinel/master.go:284.2,285.75 2 1
go-sentinel/master.go:288.2,288.15 1 1
go-sentinel/master.go:252.34,254.60 2 1
go-sentinel/master.go:257.3,257.18 1 1
go-sentinel/master.go:254.60,256.4 1 0
go-sentinel/master.go:262.35,263.21 1 0
go-sentinel/master.go:263.21,266.4 2 0
go-sentinel/master.go:271.18,274.3 1 0
go-sentinel/master.go:274.8,276.3 1 1
go-sentinel/master.go:277.45,279.35 2 1
go-sentinel/master.go:279.35,282.4 2 1
go-sentinel/master.go:285.75,287.3 1 1
go-sentinel/master.go:291.52,295.33 4 1
go-sentinel/master.go:300.2,301.39 2 1
go-sentinel/master.go:306.2,306.20 1 1
go-sentinel/master.go:295.33,296.107 1 0
go-sentinel/master.go:301.39,302.21 1 1
go-sentinel/master.go:302.21,304.4 1 1
go-sentinel/master.go:306.20,308.3 1 1
go-sentinel/master.go:311.86,317.31 5 1
go-sentinel/master.go:367.2,367.15 1 1
go-sentinel/master.go:317.31,319.13 2 1
go-sentinel/master.go:319.13,320.44 1 1
go-sentinel/master.go:320.44,321.12 1 1
go-sentinel/master.go:322.23,323.12 1 0
go-sentinel/master.go:324.13,333.47 8 1
go-sentinel/master.go:336.6,343.20 2 0
go-sentinel/master.go:333.47,335.7 1 1
go-sentinel/master.go:343.21,345.7 0 0
go-sentinel/master.go:345.12,349.36 4 0
go-sentinel/master.go:360.7,360.27 1 0
go-sentinel/master.go:349.36,350.52 1 0
go-sentinel/master.go:356.8,357.47 2 0
go-sentinel/master.go:350.52,355.9 1 0
go-sentinel/master.go:371.66,381.39 8 1
go-sentinel/master.go:411.2,411.15 1 1
go-sentinel/master.go:381.39,382.40 1 1
go-sentinel/master.go:382.40,386.45 4 1
go-sentinel/master.go:389.4,389.43 1 1
go-sentinel/master.go:386.45,388.5 1 1
go-sentinel/master.go:389.43,397.19 2 1
go-sentinel/master.go:397.20,399.6 0 0
go-sentinel/master.go:399.11,404.6 4 1
go-sentinel/master.go:405.10,407.5 1 0
go-sentinel/rpc.go:19.65,21.16 2 1
go-sentinel/rpc.go:24.2,26.8 1 1
go-sentinel/rpc.go:21.16,23.3 1 0
go-sentinel/rpc.go:29.101,33.2 3 1
go-sentinel/rpc.go:35.42,39.2 3 1
go-sentinel/rpc.go:41.46,45.2 3 0
go-sentinel/rpc.go:47.36,49.2 1 1
go-sentinel/rpc.go:50.116,51.36 1 1
go-sentinel/rpc.go:55.2,57.30 3 1
go-sentinel/rpc.go:66.2,68.8 3 1
go-sentinel/rpc.go:51.36,53.3 1 0
go-sentinel/rpc.go:57.30,62.31 3 1
go-sentinel/rpc.go:62.31,64.4 1 0
go-sentinel/rpc.go:71.106,76.12 5 1
go-sentinel/rpc.go:81.2,82.22 2 1
go-sentinel/rpc.go:87.2,87.12 1 1
go-sentinel/rpc.go:76.12,80.3 3 0
go-sentinel/rpc.go:82.22,86.3 3 0
go-sentinel/rpc.go:90.31,97.14 6 1
go-sentinel/rpc.go:100.2,101.20 2 1
go-sentinel/rpc.go:97.14,99.3 1 0
